11:42:44.398 [main] DEBUG com.solvd.flightbooking.Airport Airport - Our company provides full service on board the plane.
11:42:44.408 [main] DEBUG com.solvd.flightbooking.Airport Airport - Our company allows 30 kg of checked luggage on board the plane.
11:42:44.408 [main] DEBUG com.solvd.flightbooking.Airport Airport - Our company allows 10 kg checked carry-on on board the plane.
11:42:44.413 [main] DEBUG com.solvd.flightbooking.Airport Airport - You are to be served normal meals.
11:42:44.413 [main] DEBUG com.solvd.flightbooking.Airport Airport - You are to be served halal meals.
11:42:44.414 [main] DEBUG com.solvd.flightbooking.Airport Airport - You are to be served vegan meals.
11:42:44.414 [main] DEBUG com.solvd.flightbooking.Airport Airport - You are to be served vegetarian meals.
11:42:44.414 [main] DEBUG com.solvd.flightbooking.Airport Airport - Our company provides full service on board the plane.
11:42:44.414 [main] DEBUG com.solvd.flightbooking.Airport Airport - Our company allows 30 kg of checked luggage on board the plane.
11:42:44.415 [main] DEBUG com.solvd.flightbooking.Airport Airport - Our company allows 10 kg checked carry-on on board the plane.
11:42:44.415 [main] DEBUG com.solvd.flightbooking.Airport Airport - Our company provides full service on board the plane.
11:42:44.415 [main] DEBUG com.solvd.flightbooking.Airport Airport - Our company allows 30 kg of checked luggage on board the plane.
11:42:44.415 [main] DEBUG com.solvd.flightbooking.Airport Airport - Our company allows 10 kg checked carry-on on board the plane.
11:45:38.853 [main] DEBUG com.solvd.flightbooking.Airport Airport - Our company provides full service on board the plane.
11:45:38.864 [main] DEBUG com.solvd.flightbooking.Airport Airport - Our company allows 30 kg of checked luggage on board the plane.
11:45:38.864 [main] DEBUG com.solvd.flightbooking.Airport Airport - Our company allows 10 kg checked carry-on on board the plane.
11:45:38.866 [main] DEBUG com.solvd.flightbooking.Airport Airport - You are to be served normal meals.
11:45:38.867 [main] DEBUG com.solvd.flightbooking.Airport Airport - You are to be served halal meals.
11:45:38.868 [main] DEBUG com.solvd.flightbooking.Airport Airport - You are to be served vegan meals.
11:45:38.868 [main] DEBUG com.solvd.flightbooking.Airport Airport - You are to be served vegetarian meals.
11:45:38.868 [main] DEBUG com.solvd.flightbooking.Airport Airport - Our company provides full service on board the plane.
11:45:38.868 [main] DEBUG com.solvd.flightbooking.Airport Airport - Our company allows 30 kg of checked luggage on board the plane.
11:45:38.868 [main] DEBUG com.solvd.flightbooking.Airport Airport - Our company allows 10 kg checked carry-on on board the plane.
11:45:38.869 [main] DEBUG com.solvd.flightbooking.Airport Airport - Our company provides full service on board the plane.
11:45:38.869 [main] DEBUG com.solvd.flightbooking.Airport Airport - Our company allows 30 kg of checked luggage on board the plane.
11:45:38.869 [main] DEBUG com.solvd.flightbooking.Airport Airport - Our company allows 10 kg checked carry-on on board the plane.
11:49:36.999 [main] DEBUG com.solvd.flightbooking.Airport Airport - Our company provides full service on board the plane.
11:49:37.004 [main] DEBUG com.solvd.flightbooking.Airport Airport - Our company allows 30 kg of checked luggage on board the plane.
11:49:37.004 [main] DEBUG com.solvd.flightbooking.Airport Airport - Our company allows 10 kg checked carry-on on board the plane.
11:49:37.006 [main] DEBUG com.solvd.flightbooking.Airport Airport - You are to be served normal meals.
11:49:37.006 [main] DEBUG com.solvd.flightbooking.Airport Airport - You are to be served halal meals.
11:49:37.006 [main] DEBUG com.solvd.flightbooking.Airport Airport - You are to be served vegan meals.
11:49:37.006 [main] DEBUG com.solvd.flightbooking.Airport Airport - You are to be served vegetarian meals.
11:49:37.006 [main] DEBUG com.solvd.flightbooking.Airport Airport - Our company provides full service on board the plane.
11:49:37.006 [main] DEBUG com.solvd.flightbooking.Airport Airport - Our company allows 30 kg of checked luggage on board the plane.
11:49:37.007 [main] DEBUG com.solvd.flightbooking.Airport Airport - Our company allows 10 kg checked carry-on on board the plane.
11:49:37.007 [main] DEBUG com.solvd.flightbooking.Airport Airport - Our company provides full service on board the plane.
11:49:37.007 [main] DEBUG com.solvd.flightbooking.Airport Airport - Our company allows 30 kg of checked luggage on board the plane.
11:49:37.007 [main] DEBUG com.solvd.flightbooking.Airport Airport - Our company allows 10 kg checked carry-on on board the plane.
11:49:56.566 [main] DEBUG com.solvd.flightbooking.Airport Airport - Our company provides full service on board the plane.
11:49:56.571 [main] DEBUG com.solvd.flightbooking.Airport Airport - Our company allows 30 kg of checked luggage on board the plane.
11:49:56.572 [main] DEBUG com.solvd.flightbooking.Airport Airport - Our company allows 10 kg checked carry-on on board the plane.
11:49:56.574 [main] DEBUG com.solvd.flightbooking.Airport Airport - You are to be served normal meals.
11:49:56.574 [main] DEBUG com.solvd.flightbooking.Airport Airport - You are to be served halal meals.
11:49:56.575 [main] DEBUG com.solvd.flightbooking.Airport Airport - You are to be served vegan meals.
11:49:56.576 [main] DEBUG com.solvd.flightbooking.Airport Airport - You are to be served vegetarian meals.
11:49:56.576 [main] DEBUG com.solvd.flightbooking.Airport Airport - Our company provides full service on board the plane.
11:49:56.576 [main] DEBUG com.solvd.flightbooking.Airport Airport - Our company allows 30 kg of checked luggage on board the plane.
11:49:56.576 [main] DEBUG com.solvd.flightbooking.Airport Airport - Our company allows 10 kg checked carry-on on board the plane.
11:49:56.577 [main] DEBUG com.solvd.flightbooking.Airport Airport - Our company provides full service on board the plane.
11:49:56.577 [main] DEBUG com.solvd.flightbooking.Airport Airport - Our company allows 30 kg of checked luggage on board the plane.
11:49:56.577 [main] DEBUG com.solvd.flightbooking.Airport Airport - Our company allows 10 kg checked carry-on on board the plane.
11:52:20.263 [main] DEBUG com.solvd.flightbooking.Airport Airport - Our company provides full service on board the plane.
11:52:20.269 [main] DEBUG com.solvd.flightbooking.Airport Airport - Our company allows 30 kg of checked luggage on board the plane.
11:52:20.269 [main] DEBUG com.solvd.flightbooking.Airport Airport - Our company allows 10 kg checked carry-on on board the plane.
11:52:20.271 [main] DEBUG com.solvd.flightbooking.Airport Airport - You are to be served normal meals.
11:52:20.271 [main] DEBUG com.solvd.flightbooking.Airport Airport - You are to be served halal meals.
11:52:20.271 [main] DEBUG com.solvd.flightbooking.Airport Airport - You are to be served vegan meals.
11:52:20.271 [main] DEBUG com.solvd.flightbooking.Airport Airport - You are to be served vegetarian meals.
11:52:20.271 [main] DEBUG com.solvd.flightbooking.Airport Airport - Our company provides full service on board the plane.
11:52:20.271 [main] DEBUG com.solvd.flightbooking.Airport Airport - Our company allows 30 kg of checked luggage on board the plane.
11:52:20.272 [main] DEBUG com.solvd.flightbooking.Airport Airport - Our company allows 10 kg checked carry-on on board the plane.
11:52:20.272 [main] DEBUG com.solvd.flightbooking.Airport Airport - Our company provides full service on board the plane.
11:52:20.272 [main] DEBUG com.solvd.flightbooking.Airport Airport - Our company allows 30 kg of checked luggage on board the plane.
11:52:20.272 [main] DEBUG com.solvd.flightbooking.Airport Airport - Our company allows 10 kg checked carry-on on board the plane.
11:53:45.614 [main] DEBUG com.solvd.flightbooking.Main Main - null
11:53:45.618 [main] DEBUG com.solvd.flightbooking.Airport Airport - Our company provides full service on board the plane.
11:53:45.619 [main] DEBUG com.solvd.flightbooking.Airport Airport - Our company allows 30 kg of checked luggage on board the plane.
11:53:45.619 [main] DEBUG com.solvd.flightbooking.Airport Airport - Our company allows 10 kg checked carry-on on board the plane.
11:53:45.622 [main] DEBUG com.solvd.flightbooking.Airport Airport - You are to be served normal meals.
11:53:45.622 [main] DEBUG com.solvd.flightbooking.Airport Airport - You are to be served halal meals.
11:53:45.622 [main] DEBUG com.solvd.flightbooking.Airport Airport - You are to be served vegan meals.
11:53:45.622 [main] DEBUG com.solvd.flightbooking.Airport Airport - You are to be served vegetarian meals.
11:53:45.622 [main] DEBUG com.solvd.flightbooking.Airport Airport - Our company provides full service on board the plane.
11:53:45.622 [main] DEBUG com.solvd.flightbooking.Airport Airport - Our company allows 30 kg of checked luggage on board the plane.
11:53:45.622 [main] DEBUG com.solvd.flightbooking.Airport Airport - Our company allows 10 kg checked carry-on on board the plane.
11:53:45.622 [main] DEBUG com.solvd.flightbooking.Airport Airport - Our company provides full service on board the plane.
11:53:45.622 [main] DEBUG com.solvd.flightbooking.Airport Airport - Our company allows 30 kg of checked luggage on board the plane.
11:53:45.622 [main] DEBUG com.solvd.flightbooking.Airport Airport - Our company allows 10 kg checked carry-on on board the plane.
11:54:13.338 [main] DEBUG com.solvd.flightbooking.Airport Airport - Our company provides full service on board the plane.
11:54:13.343 [main] DEBUG com.solvd.flightbooking.Airport Airport - Our company allows 30 kg of checked luggage on board the plane.
11:54:13.344 [main] DEBUG com.solvd.flightbooking.Airport Airport - Our company allows 10 kg checked carry-on on board the plane.
11:54:13.346 [main] DEBUG com.solvd.flightbooking.Airport Airport - You are to be served normal meals.
11:54:13.346 [main] DEBUG com.solvd.flightbooking.Airport Airport - You are to be served halal meals.
11:54:13.346 [main] DEBUG com.solvd.flightbooking.Airport Airport - You are to be served vegan meals.
11:54:13.346 [main] DEBUG com.solvd.flightbooking.Airport Airport - You are to be served vegetarian meals.
11:54:13.346 [main] DEBUG com.solvd.flightbooking.Airport Airport - Our company provides full service on board the plane.
11:54:13.346 [main] DEBUG com.solvd.flightbooking.Airport Airport - Our company allows 30 kg of checked luggage on board the plane.
11:54:13.346 [main] DEBUG com.solvd.flightbooking.Airport Airport - Our company allows 10 kg checked carry-on on board the plane.
11:54:13.346 [main] DEBUG com.solvd.flightbooking.Airport Airport - Our company provides full service on board the plane.
11:54:13.347 [main] DEBUG com.solvd.flightbooking.Airport Airport - Our company allows 30 kg of checked luggage on board the plane.
11:54:13.347 [main] DEBUG com.solvd.flightbooking.Airport Airport - Our company allows 10 kg checked carry-on on board the plane.
12:05:07.402 [main] DEBUG com.solvd.flightbooking.Airport Airport - Our company provides full service on board the plane.
12:05:07.407 [main] DEBUG com.solvd.flightbooking.Airport Airport - Our company allows 30 kg of checked luggage on board the plane.
12:05:07.407 [main] DEBUG com.solvd.flightbooking.Airport Airport - Our company allows 10 kg checked carry-on on board the plane.
12:05:07.409 [main] DEBUG com.solvd.flightbooking.Airport Airport - You are to be served normal meals.
12:05:07.410 [main] DEBUG com.solvd.flightbooking.Airport Airport - You are to be served halal meals.
12:05:07.410 [main] DEBUG com.solvd.flightbooking.Airport Airport - You are to be served vegan meals.
12:05:07.410 [main] DEBUG com.solvd.flightbooking.Airport Airport - You are to be served vegetarian meals.
12:05:07.410 [main] DEBUG com.solvd.flightbooking.Airport Airport - Our company provides full service on board the plane.
12:05:07.410 [main] DEBUG com.solvd.flightbooking.Airport Airport - Our company allows 30 kg of checked luggage on board the plane.
12:05:07.411 [main] DEBUG com.solvd.flightbooking.Airport Airport - Our company allows 10 kg checked carry-on on board the plane.
12:05:07.411 [main] DEBUG com.solvd.flightbooking.Airport Airport - Our company provides full service on board the plane.
12:05:07.411 [main] DEBUG com.solvd.flightbooking.Airport Airport - Our company allows 30 kg of checked luggage on board the plane.
12:05:07.411 [main] DEBUG com.solvd.flightbooking.Airport Airport - Our company allows 10 kg checked carry-on on board the plane.
12:05:48.261 [main] DEBUG com.solvd.flightbooking.Airport Airport - Our company provides full service on board the plane.
12:05:48.267 [main] DEBUG com.solvd.flightbooking.Airport Airport - Our company allows 30 kg of checked luggage on board the plane.
12:05:48.267 [main] DEBUG com.solvd.flightbooking.Airport Airport - Our company allows 10 kg checked carry-on on board the plane.
12:05:48.270 [main] DEBUG com.solvd.flightbooking.Airport Airport - You are to be served normal meals.
12:05:48.270 [main] DEBUG com.solvd.flightbooking.Airport Airport - You are to be served halal meals.
12:05:48.270 [main] DEBUG com.solvd.flightbooking.Airport Airport - You are to be served vegan meals.
12:05:48.271 [main] DEBUG com.solvd.flightbooking.Airport Airport - You are to be served vegetarian meals.
12:05:48.271 [main] DEBUG com.solvd.flightbooking.Airport Airport - Our company provides full service on board the plane.
12:05:48.271 [main] DEBUG com.solvd.flightbooking.Airport Airport - Our company allows 30 kg of checked luggage on board the plane.
12:05:48.271 [main] DEBUG com.solvd.flightbooking.Airport Airport - Our company allows 10 kg checked carry-on on board the plane.
12:05:48.272 [main] DEBUG com.solvd.flightbooking.Airport Airport - Our company provides full service on board the plane.
12:05:48.272 [main] DEBUG com.solvd.flightbooking.Airport Airport - Our company allows 30 kg of checked luggage on board the plane.
12:05:48.272 [main] DEBUG com.solvd.flightbooking.Airport Airport - Our company allows 10 kg checked carry-on on board the plane.
12:06:30.286 [main] DEBUG com.solvd.flightbooking.Airport Airport - Our company provides full service on board the plane.
12:06:30.290 [main] DEBUG com.solvd.flightbooking.Airport Airport - Our company allows 30 kg of checked luggage on board the plane.
12:06:30.291 [main] DEBUG com.solvd.flightbooking.Airport Airport - Our company allows 10 kg checked carry-on on board the plane.
12:06:30.293 [main] DEBUG com.solvd.flightbooking.Airport Airport - You are to be served normal meals.
12:06:30.293 [main] DEBUG com.solvd.flightbooking.Airport Airport - You are to be served halal meals.
12:06:30.293 [main] DEBUG com.solvd.flightbooking.Airport Airport - You are to be served vegan meals.
12:06:30.293 [main] DEBUG com.solvd.flightbooking.Airport Airport - You are to be served vegetarian meals.
12:06:30.294 [main] DEBUG com.solvd.flightbooking.Airport Airport - Our company provides full service on board the plane.
12:06:30.294 [main] DEBUG com.solvd.flightbooking.Airport Airport - Our company allows 30 kg of checked luggage on board the plane.
12:06:30.294 [main] DEBUG com.solvd.flightbooking.Airport Airport - Our company allows 10 kg checked carry-on on board the plane.
12:06:30.294 [main] DEBUG com.solvd.flightbooking.Airport Airport - Our company provides full service on board the plane.
12:06:30.294 [main] DEBUG com.solvd.flightbooking.Airport Airport - Our company allows 30 kg of checked luggage on board the plane.
12:06:30.294 [main] DEBUG com.solvd.flightbooking.Airport Airport - Our company allows 10 kg checked carry-on on board the plane.
12:07:26.571 [main] DEBUG com.solvd.flightbooking.Airport Airport - Our company provides full service on board the plane.
12:07:26.575 [main] DEBUG com.solvd.flightbooking.Airport Airport - Our company allows 30 kg of checked luggage on board the plane.
12:07:26.575 [main] DEBUG com.solvd.flightbooking.Airport Airport - Our company allows 10 kg checked carry-on on board the plane.
12:07:26.577 [main] DEBUG com.solvd.flightbooking.Airport Airport - You are to be served normal meals.
12:07:26.577 [main] DEBUG com.solvd.flightbooking.Airport Airport - You are to be served halal meals.
12:07:26.577 [main] DEBUG com.solvd.flightbooking.Airport Airport - You are to be served vegan meals.
12:07:26.578 [main] DEBUG com.solvd.flightbooking.Airport Airport - You are to be served vegetarian meals.
12:07:26.578 [main] DEBUG com.solvd.flightbooking.Airport Airport - Our company provides full service on board the plane.
12:07:26.578 [main] DEBUG com.solvd.flightbooking.Airport Airport - Our company allows 30 kg of checked luggage on board the plane.
12:07:26.578 [main] DEBUG com.solvd.flightbooking.Airport Airport - Our company allows 10 kg checked carry-on on board the plane.
12:07:26.578 [main] DEBUG com.solvd.flightbooking.Airport Airport - Our company provides full service on board the plane.
12:07:26.579 [main] DEBUG com.solvd.flightbooking.Airport Airport - Our company allows 30 kg of checked luggage on board the plane.
12:07:26.579 [main] DEBUG com.solvd.flightbooking.Airport Airport - Our company allows 10 kg checked carry-on on board the plane.
12:07:53.632 [main] DEBUG com.solvd.flightbooking.Airport Airport - Our company provides full service on board the plane.
12:07:53.633 [main] DEBUG com.solvd.flightbooking.Airport Airport - Our company allows 30 kg of checked luggage on board the plane.
12:07:53.637 [main] DEBUG com.solvd.flightbooking.Airport Airport - Our company allows 10 kg checked carry-on on board the plane.
12:07:53.639 [main] DEBUG com.solvd.flightbooking.Airport Airport - You are to be served normal meals.
12:07:53.639 [main] DEBUG com.solvd.flightbooking.Airport Airport - You are to be served halal meals.
12:07:53.639 [main] DEBUG com.solvd.flightbooking.Airport Airport - You are to be served vegan meals.
12:07:53.639 [main] DEBUG com.solvd.flightbooking.Airport Airport - You are to be served vegetarian meals.
12:07:53.639 [main] DEBUG com.solvd.flightbooking.Airport Airport - Our company provides full service on board the plane.
12:07:53.639 [main] DEBUG com.solvd.flightbooking.Airport Airport - Our company allows 30 kg of checked luggage on board the plane.
12:07:53.640 [main] DEBUG com.solvd.flightbooking.Airport Airport - Our company allows 10 kg checked carry-on on board the plane.
12:07:53.640 [main] DEBUG com.solvd.flightbooking.Airport Airport - Our company provides full service on board the plane.
12:07:53.640 [main] DEBUG com.solvd.flightbooking.Airport Airport - Our company allows 30 kg of checked luggage on board the plane.
12:07:53.640 [main] DEBUG com.solvd.flightbooking.Airport Airport - Our company allows 10 kg checked carry-on on board the plane.
12:08:18.671 [main] DEBUG com.solvd.flightbooking.Airport Airport - Our company provides full service on board the plane.
12:08:18.681 [main] DEBUG com.solvd.flightbooking.Airport Airport - Our company allows 30 kg of checked luggage on board the plane.
12:08:18.681 [main] DEBUG com.solvd.flightbooking.Airport Airport - Our company allows 10 kg checked carry-on on board the plane.
12:08:18.685 [main] DEBUG com.solvd.flightbooking.Airport Airport - You are to be served normal meals.
12:08:18.685 [main] DEBUG com.solvd.flightbooking.Airport Airport - You are to be served halal meals.
12:08:18.685 [main] DEBUG com.solvd.flightbooking.Airport Airport - You are to be served vegan meals.
12:08:18.685 [main] DEBUG com.solvd.flightbooking.Airport Airport - You are to be served vegetarian meals.
12:08:18.686 [main] DEBUG com.solvd.flightbooking.Airport Airport - Our company provides full service on board the plane.
12:08:18.686 [main] DEBUG com.solvd.flightbooking.Airport Airport - Our company allows 30 kg of checked luggage on board the plane.
12:08:18.686 [main] DEBUG com.solvd.flightbooking.Airport Airport - Our company allows 10 kg checked carry-on on board the plane.
12:08:18.686 [main] DEBUG com.solvd.flightbooking.Airport Airport - Our company provides full service on board the plane.
12:08:18.687 [main] DEBUG com.solvd.flightbooking.Airport Airport - Our company allows 30 kg of checked luggage on board the plane.
12:08:18.687 [main] DEBUG com.solvd.flightbooking.Airport Airport - Our company allows 10 kg checked carry-on on board the plane.
12:08:48.356 [main] DEBUG com.solvd.flightbooking.Airport Airport - Our company provides full service on board the plane.
12:08:48.360 [main] DEBUG com.solvd.flightbooking.Airport Airport - Our company allows 30 kg of checked luggage on board the plane.
12:08:48.360 [main] DEBUG com.solvd.flightbooking.Airport Airport - Our company allows 10 kg checked carry-on on board the plane.
12:08:48.362 [main] DEBUG com.solvd.flightbooking.Airport Airport - You are to be served normal meals.
12:08:48.362 [main] DEBUG com.solvd.flightbooking.Airport Airport - You are to be served halal meals.
12:08:48.362 [main] DEBUG com.solvd.flightbooking.Airport Airport - You are to be served vegan meals.
12:08:48.362 [main] DEBUG com.solvd.flightbooking.Airport Airport - You are to be served vegetarian meals.
12:08:48.363 [main] DEBUG com.solvd.flightbooking.Airport Airport - Our company provides full service on board the plane.
12:08:48.363 [main] DEBUG com.solvd.flightbooking.Airport Airport - Our company allows 30 kg of checked luggage on board the plane.
12:08:48.363 [main] DEBUG com.solvd.flightbooking.Airport Airport - Our company allows 10 kg checked carry-on on board the plane.
12:08:48.363 [main] DEBUG com.solvd.flightbooking.Airport Airport - Our company provides full service on board the plane.
12:08:48.363 [main] DEBUG com.solvd.flightbooking.Airport Airport - Our company allows 30 kg of checked luggage on board the plane.
12:08:48.363 [main] DEBUG com.solvd.flightbooking.Airport Airport - Our company allows 10 kg checked carry-on on board the plane.
12:17:49.854 [main] DEBUG com.solvd.flightbooking.Airport Airport - Our company provides full service on board the plane.
12:17:49.860 [main] DEBUG com.solvd.flightbooking.Airport Airport - Our company allows 30 kg of checked luggage on board the plane.
12:17:49.860 [main] DEBUG com.solvd.flightbooking.Airport Airport - Our company allows 10 kg checked carry-on on board the plane.
12:17:49.862 [main] DEBUG com.solvd.flightbooking.Airport Airport - You are to be served normal meals.
12:17:49.862 [main] DEBUG com.solvd.flightbooking.Airport Airport - You are to be served halal meals.
12:17:49.862 [main] DEBUG com.solvd.flightbooking.Airport Airport - You are to be served vegan meals.
12:17:49.863 [main] DEBUG com.solvd.flightbooking.Airport Airport - You are to be served vegetarian meals.
12:17:49.863 [main] DEBUG com.solvd.flightbooking.Airport Airport - Our company provides full service on board the plane.
12:17:49.863 [main] DEBUG com.solvd.flightbooking.Airport Airport - Our company allows 30 kg of checked luggage on board the plane.
12:17:49.863 [main] DEBUG com.solvd.flightbooking.Airport Airport - Our company allows 10 kg checked carry-on on board the plane.
12:17:49.863 [main] DEBUG com.solvd.flightbooking.Airport Airport - Our company provides full service on board the plane.
12:17:49.863 [main] DEBUG com.solvd.flightbooking.Airport Airport - Our company allows 30 kg of checked luggage on board the plane.
12:17:49.864 [main] DEBUG com.solvd.flightbooking.Airport Airport - Our company allows 10 kg checked carry-on on board the plane.
12:28:01.324 [main] DEBUG com.solvd.flightbooking.Airport Airport - Our company provides full service on board the plane.
12:28:01.327 [main] DEBUG com.solvd.flightbooking.Airport Airport - Our company allows 30 kg of checked luggage on board the plane.
12:28:01.328 [main] DEBUG com.solvd.flightbooking.Airport Airport - Our company allows 10 kg checked carry-on on board the plane.
12:28:01.330 [main] DEBUG com.solvd.flightbooking.Airport Airport - You are to be served normal meals.
12:28:01.330 [main] DEBUG com.solvd.flightbooking.Airport Airport - You are to be served halal meals.
12:28:01.330 [main] DEBUG com.solvd.flightbooking.Airport Airport - You are to be served vegan meals.
12:28:01.331 [main] DEBUG com.solvd.flightbooking.Airport Airport - You are to be served vegetarian meals.
12:28:01.331 [main] DEBUG com.solvd.flightbooking.Airport Airport - Our company provides full service on board the plane.
12:28:01.331 [main] DEBUG com.solvd.flightbooking.Airport Airport - Our company allows 30 kg of checked luggage on board the plane.
12:28:01.331 [main] DEBUG com.solvd.flightbooking.Airport Airport - Our company allows 10 kg checked carry-on on board the plane.
12:28:01.332 [main] DEBUG com.solvd.flightbooking.Airport Airport - Our company provides full service on board the plane.
12:28:01.332 [main] DEBUG com.solvd.flightbooking.Airport Airport - Our company allows 30 kg of checked luggage on board the plane.
12:28:01.332 [main] DEBUG com.solvd.flightbooking.Airport Airport - Our company allows 10 kg checked carry-on on board the plane.
12:31:07.150 [main] DEBUG com.solvd.flightbooking.Airport Airport - Our company provides full service on board the plane.
12:31:07.157 [main] DEBUG com.solvd.flightbooking.Airport Airport - Our company allows 30 kg of checked luggage on board the plane.
12:31:07.157 [main] DEBUG com.solvd.flightbooking.Airport Airport - Our company allows 10 kg checked carry-on on board the plane.
12:31:07.159 [main] DEBUG com.solvd.flightbooking.Airport Airport - You are to be served normal meals.
12:31:07.159 [main] DEBUG com.solvd.flightbooking.Airport Airport - You are to be served halal meals.
12:31:07.159 [main] DEBUG com.solvd.flightbooking.Airport Airport - You are to be served vegan meals.
12:31:07.159 [main] DEBUG com.solvd.flightbooking.Airport Airport - You are to be served vegetarian meals.
12:31:07.160 [main] DEBUG com.solvd.flightbooking.Airport Airport - Our company provides full service on board the plane.
12:31:07.160 [main] DEBUG com.solvd.flightbooking.Airport Airport - Our company allows 30 kg of checked luggage on board the plane.
12:31:07.160 [main] DEBUG com.solvd.flightbooking.Airport Airport - Our company allows 10 kg checked carry-on on board the plane.
12:31:07.160 [main] DEBUG com.solvd.flightbooking.Airport Airport - Our company provides full service on board the plane.
12:31:07.160 [main] DEBUG com.solvd.flightbooking.Airport Airport - Our company allows 30 kg of checked luggage on board the plane.
12:31:07.160 [main] DEBUG com.solvd.flightbooking.Airport Airport - Our company allows 10 kg checked carry-on on board the plane.
12:31:35.188 [main] DEBUG com.solvd.flightbooking.Airport Airport - Our company provides full service on board the plane.
12:31:35.195 [main] DEBUG com.solvd.flightbooking.Airport Airport - Our company allows 30 kg of checked luggage on board the plane.
12:31:35.195 [main] DEBUG com.solvd.flightbooking.Airport Airport - Our company allows 10 kg checked carry-on on board the plane.
12:31:35.197 [main] DEBUG com.solvd.flightbooking.Airport Airport - You are to be served normal meals.
12:31:35.197 [main] DEBUG com.solvd.flightbooking.Airport Airport - You are to be served halal meals.
12:31:35.197 [main] DEBUG com.solvd.flightbooking.Airport Airport - You are to be served vegan meals.
12:31:35.198 [main] DEBUG com.solvd.flightbooking.Airport Airport - You are to be served vegetarian meals.
12:31:35.198 [main] DEBUG com.solvd.flightbooking.Airport Airport - Our company provides full service on board the plane.
12:31:35.198 [main] DEBUG com.solvd.flightbooking.Airport Airport - Our company allows 30 kg of checked luggage on board the plane.
12:31:35.198 [main] DEBUG com.solvd.flightbooking.Airport Airport - Our company allows 10 kg checked carry-on on board the plane.
12:31:35.198 [main] DEBUG com.solvd.flightbooking.Airport Airport - Our company provides full service on board the plane.
12:31:35.199 [main] DEBUG com.solvd.flightbooking.Airport Airport - Our company allows 30 kg of checked luggage on board the plane.
12:31:35.199 [main] DEBUG com.solvd.flightbooking.Airport Airport - Our company allows 10 kg checked carry-on on board the plane.
12:31:55.728 [main] DEBUG com.solvd.flightbooking.Airport Airport - Our company provides full service on board the plane.
12:31:55.734 [main] DEBUG com.solvd.flightbooking.Airport Airport - Our company allows 30 kg of checked luggage on board the plane.
12:31:55.734 [main] DEBUG com.solvd.flightbooking.Airport Airport - Our company allows 10 kg checked carry-on on board the plane.
12:31:55.737 [main] DEBUG com.solvd.flightbooking.Airport Airport - You are to be served normal meals.
12:31:55.737 [main] DEBUG com.solvd.flightbooking.Airport Airport - You are to be served halal meals.
12:31:55.737 [main] DEBUG com.solvd.flightbooking.Airport Airport - You are to be served vegan meals.
12:31:55.738 [main] DEBUG com.solvd.flightbooking.Airport Airport - You are to be served vegetarian meals.
12:31:55.738 [main] DEBUG com.solvd.flightbooking.Airport Airport - Our company provides full service on board the plane.
12:31:55.738 [main] DEBUG com.solvd.flightbooking.Airport Airport - Our company allows 30 kg of checked luggage on board the plane.
12:31:55.738 [main] DEBUG com.solvd.flightbooking.Airport Airport - Our company allows 10 kg checked carry-on on board the plane.
12:31:55.738 [main] DEBUG com.solvd.flightbooking.Airport Airport - Our company provides full service on board the plane.
12:31:55.739 [main] DEBUG com.solvd.flightbooking.Airport Airport - Our company allows 30 kg of checked luggage on board the plane.
12:31:55.739 [main] DEBUG com.solvd.flightbooking.Airport Airport - Our company allows 10 kg checked carry-on on board the plane.
12:33:33.192 [main] DEBUG com.solvd.flightbooking.Airport Airport - Our company provides full service on board the plane.
12:33:33.195 [main] DEBUG com.solvd.flightbooking.Airport Airport - Our company allows 30 kg of checked luggage on board the plane.
12:33:33.195 [main] DEBUG com.solvd.flightbooking.Airport Airport - Our company allows 10 kg checked carry-on on board the plane.
12:33:33.197 [main] DEBUG com.solvd.flightbooking.Airport Airport - You are to be served normal meals.
12:33:33.198 [main] DEBUG com.solvd.flightbooking.Airport Airport - You are to be served halal meals.
12:33:33.198 [main] DEBUG com.solvd.flightbooking.Airport Airport - You are to be served vegan meals.
12:33:33.198 [main] DEBUG com.solvd.flightbooking.Airport Airport - You are to be served vegetarian meals.
12:33:33.198 [main] DEBUG com.solvd.flightbooking.Airport Airport - Our company provides full service on board the plane.
12:33:33.198 [main] DEBUG com.solvd.flightbooking.Airport Airport - Our company allows 30 kg of checked luggage on board the plane.
12:33:33.199 [main] DEBUG com.solvd.flightbooking.Airport Airport - Our company allows 10 kg checked carry-on on board the plane.
12:33:33.199 [main] DEBUG com.solvd.flightbooking.Airport Airport - Our company provides full service on board the plane.
12:33:33.199 [main] DEBUG com.solvd.flightbooking.Airport Airport - Our company allows 30 kg of checked luggage on board the plane.
12:33:33.199 [main] DEBUG com.solvd.flightbooking.Airport Airport - Our company allows 10 kg checked carry-on on board the plane.
12:35:37.812 [main] DEBUG com.solvd.flightbooking.Airport Airport - Our company provides full service on board the plane.
12:35:37.817 [main] DEBUG com.solvd.flightbooking.Airport Airport - Our company allows 30 kg of checked luggage on board the plane.
12:35:37.817 [main] DEBUG com.solvd.flightbooking.Airport Airport - Our company allows 10 kg checked carry-on on board the plane.
12:35:37.820 [main] DEBUG com.solvd.flightbooking.Airport Airport - You are to be served normal meals.
12:35:37.820 [main] DEBUG com.solvd.flightbooking.Airport Airport - You are to be served halal meals.
12:35:37.820 [main] DEBUG com.solvd.flightbooking.Airport Airport - You are to be served vegan meals.
12:35:37.820 [main] DEBUG com.solvd.flightbooking.Airport Airport - You are to be served vegetarian meals.
12:35:37.821 [main] DEBUG com.solvd.flightbooking.Airport Airport - Our company provides full service on board the plane.
12:35:37.821 [main] DEBUG com.solvd.flightbooking.Airport Airport - Our company allows 30 kg of checked luggage on board the plane.
12:35:37.821 [main] DEBUG com.solvd.flightbooking.Airport Airport - Our company allows 10 kg checked carry-on on board the plane.
12:35:37.821 [main] DEBUG com.solvd.flightbooking.Airport Airport - Our company provides full service on board the plane.
12:35:37.821 [main] DEBUG com.solvd.flightbooking.Airport Airport - Our company allows 30 kg of checked luggage on board the plane.
12:35:37.821 [main] DEBUG com.solvd.flightbooking.Airport Airport - Our company allows 10 kg checked carry-on on board the plane.
12:38:25.689 [main] DEBUG com.solvd.flightbooking.Airport Airport - Our company provides full service on board the plane.
12:38:25.695 [main] DEBUG com.solvd.flightbooking.Airport Airport - Our company allows 30 kg of checked luggage on board the plane.
12:38:25.695 [main] DEBUG com.solvd.flightbooking.Airport Airport - Our company allows 10 kg checked carry-on on board the plane.
12:38:25.697 [main] DEBUG com.solvd.flightbooking.Airport Airport - You are to be served normal meals.
12:38:25.698 [main] DEBUG com.solvd.flightbooking.Airport Airport - You are to be served halal meals.
12:38:25.698 [main] DEBUG com.solvd.flightbooking.Airport Airport - You are to be served vegan meals.
12:38:25.698 [main] DEBUG com.solvd.flightbooking.Airport Airport - You are to be served vegetarian meals.
12:38:25.698 [main] DEBUG com.solvd.flightbooking.Airport Airport - Our company provides full service on board the plane.
12:38:25.698 [main] DEBUG com.solvd.flightbooking.Airport Airport - Our company allows 30 kg of checked luggage on board the plane.
12:38:25.698 [main] DEBUG com.solvd.flightbooking.Airport Airport - Our company allows 10 kg checked carry-on on board the plane.
12:38:25.698 [main] DEBUG com.solvd.flightbooking.Airport Airport - Our company provides full service on board the plane.
12:38:25.699 [main] DEBUG com.solvd.flightbooking.Airport Airport - Our company allows 30 kg of checked luggage on board the plane.
12:38:25.699 [main] DEBUG com.solvd.flightbooking.Airport Airport - Our company allows 10 kg checked carry-on on board the plane.
12:42:31.838 [main] DEBUG com.solvd.flightbooking.Airport Airport - Our company provides full service on board the plane.
12:42:31.843 [main] DEBUG com.solvd.flightbooking.Airport Airport - Our company allows 30 kg of checked luggage on board the plane.
12:42:31.843 [main] DEBUG com.solvd.flightbooking.Airport Airport - Our company allows 10 kg checked carry-on on board the plane.
12:42:31.845 [main] DEBUG com.solvd.flightbooking.Airport Airport - You are to be served normal meals.
12:42:31.845 [main] DEBUG com.solvd.flightbooking.Airport Airport - You are to be served halal meals.
12:42:31.846 [main] DEBUG com.solvd.flightbooking.Airport Airport - You are to be served vegan meals.
12:42:31.846 [main] DEBUG com.solvd.flightbooking.Airport Airport - You are to be served vegetarian meals.
12:42:31.846 [main] DEBUG com.solvd.flightbooking.Airport Airport - Our company provides full service on board the plane.
12:42:31.846 [main] DEBUG com.solvd.flightbooking.Airport Airport - Our company allows 30 kg of checked luggage on board the plane.
12:42:31.846 [main] DEBUG com.solvd.flightbooking.Airport Airport - Our company allows 10 kg checked carry-on on board the plane.
12:42:31.847 [main] DEBUG com.solvd.flightbooking.Airport Airport - Our company provides full service on board the plane.
12:42:31.847 [main] DEBUG com.solvd.flightbooking.Airport Airport - Our company allows 30 kg of checked luggage on board the plane.
12:42:31.847 [main] DEBUG com.solvd.flightbooking.Airport Airport - Our company allows 10 kg checked carry-on on board the plane.
12:53:43.981 [main] DEBUG com.solvd.flightbooking.Airport Airport - Our company provides full service on board the plane.
12:53:43.990 [main] DEBUG com.solvd.flightbooking.Airport Airport - Our company allows 30 kg of checked luggage on board the plane.
12:53:43.990 [main] DEBUG com.solvd.flightbooking.Airport Airport - Our company allows 10 kg checked carry-on on board the plane.
12:53:43.993 [main] DEBUG com.solvd.flightbooking.Airport Airport - You are to be served normal meals.
12:53:43.994 [main] DEBUG com.solvd.flightbooking.Airport Airport - You are to be served halal meals.
12:53:43.994 [main] DEBUG com.solvd.flightbooking.Airport Airport - You are to be served vegan meals.
12:53:43.994 [main] DEBUG com.solvd.flightbooking.Airport Airport - You are to be served vegetarian meals.
12:53:43.995 [main] DEBUG com.solvd.flightbooking.Airport Airport - Our company provides full service on board the plane.
12:53:43.995 [main] DEBUG com.solvd.flightbooking.Airport Airport - Our company allows 30 kg of checked luggage on board the plane.
12:53:43.995 [main] DEBUG com.solvd.flightbooking.Airport Airport - Our company allows 10 kg checked carry-on on board the plane.
12:53:43.996 [main] DEBUG com.solvd.flightbooking.Airport Airport - Our company provides full service on board the plane.
12:53:43.996 [main] DEBUG com.solvd.flightbooking.Airport Airport - Our company allows 30 kg of checked luggage on board the plane.
12:53:43.996 [main] DEBUG com.solvd.flightbooking.Airport Airport - Our company allows 10 kg checked carry-on on board the plane.
13:12:28.936 [main] DEBUG com.solvd.flightbooking.Airport Airport - Our company provides full service on board the plane.
13:12:28.939 [main] DEBUG com.solvd.flightbooking.Airport Airport - Our company allows 30 kg of checked luggage on board the plane.
13:12:28.939 [main] DEBUG com.solvd.flightbooking.Airport Airport - Our company allows 10 kg checked carry-on on board the plane.
13:12:28.941 [main] DEBUG com.solvd.flightbooking.Airport Airport - You are to be served normal meals.
13:12:28.941 [main] DEBUG com.solvd.flightbooking.Airport Airport - You are to be served halal meals.
13:12:28.941 [main] DEBUG com.solvd.flightbooking.Airport Airport - You are to be served vegan meals.
13:12:28.941 [main] DEBUG com.solvd.flightbooking.Airport Airport - You are to be served vegetarian meals.
13:12:28.941 [main] DEBUG com.solvd.flightbooking.Airport Airport - Our company provides full service on board the plane.
13:12:28.941 [main] DEBUG com.solvd.flightbooking.Airport Airport - Our company allows 30 kg of checked luggage on board the plane.
13:12:28.942 [main] DEBUG com.solvd.flightbooking.Airport Airport - Our company allows 10 kg checked carry-on on board the plane.
13:12:28.942 [main] DEBUG com.solvd.flightbooking.Airport Airport - Our company provides full service on board the plane.
13:12:28.942 [main] DEBUG com.solvd.flightbooking.Airport Airport - Our company allows 30 kg of checked luggage on board the plane.
13:12:28.942 [main] DEBUG com.solvd.flightbooking.Airport Airport - Our company allows 10 kg checked carry-on on board the plane.
13:34:55.531 [main] DEBUG com.solvd.flightbooking.Airport Airport - Our company provides full service on board the plane.
13:34:55.535 [main] DEBUG com.solvd.flightbooking.Airport Airport - Our company allows 30 kg of checked luggage on board the plane.
13:34:55.535 [main] DEBUG com.solvd.flightbooking.Airport Airport - Our company allows 10 kg checked carry-on on board the plane.
13:34:55.537 [main] DEBUG com.solvd.flightbooking.Airport Airport - You are to be served normal meals.
13:34:55.537 [main] DEBUG com.solvd.flightbooking.Airport Airport - You are to be served halal meals.
13:34:55.537 [main] DEBUG com.solvd.flightbooking.Airport Airport - You are to be served vegan meals.
13:34:55.537 [main] DEBUG com.solvd.flightbooking.Airport Airport - You are to be served vegetarian meals.
13:34:55.537 [main] DEBUG com.solvd.flightbooking.Airport Airport - Our company provides full service on board the plane.
13:34:55.537 [main] DEBUG com.solvd.flightbooking.Airport Airport - Our company allows 30 kg of checked luggage on board the plane.
13:34:55.537 [main] DEBUG com.solvd.flightbooking.Airport Airport - Our company allows 10 kg checked carry-on on board the plane.
13:34:55.538 [main] DEBUG com.solvd.flightbooking.Airport Airport - Our company provides full service on board the plane.
13:34:55.538 [main] DEBUG com.solvd.flightbooking.Airport Airport - Our company allows 30 kg of checked luggage on board the plane.
13:34:55.538 [main] DEBUG com.solvd.flightbooking.Airport Airport - Our company allows 10 kg checked carry-on on board the plane.
13:36:56.385 [main] DEBUG com.solvd.flightbooking.Airport Airport - Our company provides full service on board the plane.
13:36:56.388 [main] DEBUG com.solvd.flightbooking.Airport Airport - Our company allows 30 kg of checked luggage on board the plane.
13:36:56.388 [main] DEBUG com.solvd.flightbooking.Airport Airport - Our company allows 10 kg checked carry-on on board the plane.
13:36:56.390 [main] DEBUG com.solvd.flightbooking.Airport Airport - You are to be served normal meals.
13:36:56.390 [main] DEBUG com.solvd.flightbooking.Airport Airport - You are to be served halal meals.
13:36:56.390 [main] DEBUG com.solvd.flightbooking.Airport Airport - You are to be served vegan meals.
13:36:56.390 [main] DEBUG com.solvd.flightbooking.Airport Airport - You are to be served vegetarian meals.
13:36:56.391 [main] DEBUG com.solvd.flightbooking.Airport Airport - Our company provides full service on board the plane.
13:36:56.391 [main] DEBUG com.solvd.flightbooking.Airport Airport - Our company allows 30 kg of checked luggage on board the plane.
13:36:56.391 [main] DEBUG com.solvd.flightbooking.Airport Airport - Our company allows 10 kg checked carry-on on board the plane.
13:36:56.391 [main] DEBUG com.solvd.flightbooking.Airport Airport - Our company provides full service on board the plane.
13:36:56.391 [main] DEBUG com.solvd.flightbooking.Airport Airport - Our company allows 30 kg of checked luggage on board the plane.
13:36:56.391 [main] DEBUG com.solvd.flightbooking.Airport Airport - Our company allows 10 kg checked carry-on on board the plane.
14:37:56.416 [main] DEBUG com.solvd.flightbooking.Airport Airport - Our company provides full service on board the plane.
14:37:56.420 [main] DEBUG com.solvd.flightbooking.Airport Airport - Our company allows 30 kg of checked luggage on board the plane.
14:37:56.420 [main] DEBUG com.solvd.flightbooking.Airport Airport - Our company allows 10 kg checked carry-on on board the plane.
14:37:56.422 [main] DEBUG com.solvd.flightbooking.Airport Airport - You are to be served normal meals.
14:37:56.422 [main] DEBUG com.solvd.flightbooking.Airport Airport - You are to be served halal meals.
14:37:56.422 [main] DEBUG com.solvd.flightbooking.Airport Airport - You are to be served vegan meals.
14:37:56.422 [main] DEBUG com.solvd.flightbooking.Airport Airport - You are to be served vegetarian meals.
14:37:56.422 [main] DEBUG com.solvd.flightbooking.Airport Airport - Our company provides full service on board the plane.
14:37:56.422 [main] DEBUG com.solvd.flightbooking.Airport Airport - Our company allows 30 kg of checked luggage on board the plane.
14:37:56.422 [main] DEBUG com.solvd.flightbooking.Airport Airport - Our company allows 10 kg checked carry-on on board the plane.
14:37:56.423 [main] DEBUG com.solvd.flightbooking.Airport Airport - Our company provides full service on board the plane.
14:37:56.423 [main] DEBUG com.solvd.flightbooking.Airport Airport - Our company allows 30 kg of checked luggage on board the plane.
14:37:56.423 [main] DEBUG com.solvd.flightbooking.Airport Airport - Our company allows 10 kg checked carry-on on board the plane.
14:39:07.560 [main] DEBUG com.solvd.flightbooking.Airport Airport - Our company provides full service on board the plane.
14:39:07.563 [main] DEBUG com.solvd.flightbooking.Airport Airport - Our company allows 30 kg of checked luggage on board the plane.
14:39:07.563 [main] DEBUG com.solvd.flightbooking.Airport Airport - Our company allows 10 kg checked carry-on on board the plane.
14:39:07.565 [main] DEBUG com.solvd.flightbooking.Airport Airport - You are to be served normal meals.
14:39:07.565 [main] DEBUG com.solvd.flightbooking.Airport Airport - You are to be served halal meals.
14:39:07.566 [main] DEBUG com.solvd.flightbooking.Airport Airport - You are to be served vegan meals.
14:39:07.566 [main] DEBUG com.solvd.flightbooking.Airport Airport - You are to be served vegetarian meals.
14:39:07.566 [main] DEBUG com.solvd.flightbooking.Airport Airport - Our company provides full service on board the plane.
14:39:07.566 [main] DEBUG com.solvd.flightbooking.Airport Airport - Our company allows 30 kg of checked luggage on board the plane.
14:39:07.566 [main] DEBUG com.solvd.flightbooking.Airport Airport - Our company allows 10 kg checked carry-on on board the plane.
14:39:07.567 [main] DEBUG com.solvd.flightbooking.Airport Airport - Our company provides full service on board the plane.
14:39:07.567 [main] DEBUG com.solvd.flightbooking.Airport Airport - Our company allows 30 kg of checked luggage on board the plane.
14:39:07.567 [main] DEBUG com.solvd.flightbooking.Airport Airport - Our company allows 10 kg checked carry-on on board the plane.
14:54:20.529 [main] DEBUG com.solvd.flightbooking.Airport Airport - Our company provides full service on board the plane.
14:54:20.532 [main] DEBUG com.solvd.flightbooking.Airport Airport - Our company allows 30 kg of checked luggage on board the plane.
14:54:20.532 [main] DEBUG com.solvd.flightbooking.Airport Airport - Our company allows 10 kg checked carry-on on board the plane.
14:54:20.533 [main] DEBUG com.solvd.flightbooking.Airport Airport - You are to be served normal meals.
14:54:20.534 [main] DEBUG com.solvd.flightbooking.Airport Airport - You are to be served halal meals.
14:54:20.534 [main] DEBUG com.solvd.flightbooking.Airport Airport - You are to be served vegan meals.
14:54:20.534 [main] DEBUG com.solvd.flightbooking.Airport Airport - You are to be served vegetarian meals.
14:54:20.534 [main] DEBUG com.solvd.flightbooking.Airport Airport - Our company provides full service on board the plane.
14:54:20.534 [main] DEBUG com.solvd.flightbooking.Airport Airport - Our company allows 30 kg of checked luggage on board the plane.
14:54:20.534 [main] DEBUG com.solvd.flightbooking.Airport Airport - Our company allows 10 kg checked carry-on on board the plane.
14:54:20.534 [main] DEBUG com.solvd.flightbooking.Airport Airport - Our company provides full service on board the plane.
14:54:20.534 [main] DEBUG com.solvd.flightbooking.Airport Airport - Our company allows 30 kg of checked luggage on board the plane.
14:54:20.534 [main] DEBUG com.solvd.flightbooking.Airport Airport - Our company allows 10 kg checked carry-on on board the plane.
